

Started GET "/" for 127.0.0.1 at 2011-08-02 08:19:17 +0530

Mysql2::Error (Access denied for user 'root'@'localhost' (using password: NO)):
  

Rendered /usr/local/lib/ruby/gems/1.9.1/gems/actionpack-3.0.0/lib/action_dispatch/middleware/templates/rescues/_trace.erb (2.2ms)
Rendered /usr/local/lib/ruby/gems/1.9.1/gems/actionpack-3.0.0/lib/action_dispatch/middleware/templates/rescues/_request_and_response.erb (11.6ms)
Rendered /usr/local/lib/ruby/gems/1.9.1/gems/actionpack-3.0.0/lib/action_dispatch/middleware/templates/rescues/diagnostics.erb within rescues/layout (37.3ms)
  [1m[36mSQL (22.1ms)[0m  [1mSHOW TABLES[0m
  [1m[35mSQL (0.7ms)[0m  SHOW TABLES
  [1m[36mSQL (15.5ms)[0m  [1mSELECT `schema_migrations`.`version` FROM `schema_migrations`[0m
Migrating to CreatePosts (20100909162738)
Migrating to CreateTags (20100909162756)
Migrating to CreatePostsTagsJoin (20100909162837)
Migrating to CreateComments (20100909164205)
  [1m[35mSQL (0.7ms)[0m  SHOW TABLES
  [1m[36mSQL (0.1ms)[0m  [1mSELECT `schema_migrations`.`version` FROM `schema_migrations`[0m
  [1m[35mSQL (0.6ms)[0m  SHOW TABLES
  [1m[36mSQL (1.5ms)[0m  [1mdescribe `admins`[0m
  [1m[35mSQL (0.6ms)[0m  SHOW KEYS FROM `admins`
  [1m[36mSQL (1.0ms)[0m  [1mdescribe `comments`[0m
  [1m[35mSQL (0.6ms)[0m  SHOW KEYS FROM `comments`
  [1m[36mSQL (1.0ms)[0m  [1mdescribe `posts`[0m
  [1m[35mSQL (0.5ms)[0m  SHOW KEYS FROM `posts`
  [1m[36mSQL (0.8ms)[0m  [1mdescribe `posts_tags`[0m
  [1m[35mSQL (0.5ms)[0m  SHOW KEYS FROM `posts_tags`
  [1m[36mSQL (0.9ms)[0m  [1mdescribe `tags`[0m
  [1m[35mSQL (0.5ms)[0m  SHOW KEYS FROM `tags`
  [1m[36mSQL (1.0ms)[0m  [1mdescribe `tiny_prints`[0m
  [1m[35mSQL (0.5ms)[0m  SHOW KEYS FROM `tiny_prints`
  [1m[36mSQL (1.0ms)[0m  [1mdescribe `tiny_videos`[0m
  [1m[35mSQL (0.5ms)[0m  SHOW KEYS FROM `tiny_videos`
  [1m[36mSQL (1.5ms)[0m  [1mdescribe `users`[0m
  [1m[35mSQL (0.6ms)[0m  SHOW KEYS FROM `users`


Started GET "/" for 127.0.0.1 at 2011-08-02 08:21:04 +0530
  Processing by PostsController#index as HTML
  [1m[36mSQL (1.1ms)[0m  [1mdescribe `posts_tags`[0m
  [1m[35mSQL (0.7ms)[0m  SHOW TABLES
  [1m[36mPost Load (0.5ms)[0m  [1mSELECT `posts`.* FROM `posts`[0m
Rendered posts/index.html.erb within layouts/application (40.7ms)
Completed 200 OK in 288ms (Views: 46.5ms | ActiveRecord: 2.4ms)


Started GET "/posts/1" for 127.0.0.1 at 2011-08-02 08:21:16 +0530
  Processing by PostsController#show as HTML
  Parameters: {"id"=>"1"}
  [1m[35mSQL (1.1ms)[0m  describe `posts_tags`
  [1m[36mPost Load (0.6ms)[0m  [1mSELECT `posts`.* FROM `posts` WHERE (`posts`.`id` = 1) LIMIT 1[0m
  [1m[35mSQL (1.1ms)[0m  describe `posts_tags`
Rendered posts/show.html.erb within layouts/application (85.2ms)
Completed   in 227ms

ActionView::Template::Error (Missing partial comments/form with {:handlers=>[:erb, :rjs, :builder, :rhtml, :rxml], :formats=>[:html], :locale=>[:en, :en]} in view paths "/home/nyros/railsblog_23/app/views"):
    22: <br />
    23: 
    24: <h2>Add a comment:</h2>
    25: <%= render "comments/form" %>
    26:  
    27: <br />
    28: 
  app/views/posts/show.html.erb:25:in `_app_views_posts_show_html_erb__840913029_74492450_893913062'
  app/controllers/posts_controller.rb:20:in `show'

Rendered /usr/local/lib/ruby/gems/1.9.1/gems/actionpack-3.0.0/lib/action_dispatch/middleware/templates/rescues/_trace.erb (2.1ms)
  [1m[36mTag Load (0.7ms)[0m  [1mSELECT * FROM `tags` INNER JOIN `posts_tags` ON `tags`.id = `posts_tags`.tag_id WHERE (`posts_tags`.post_id = 1 )[0m
  [1m[35mComment Load (0.9ms)[0m  SELECT `comments`.* FROM `comments` WHERE (`comments`.post_id = 1)
Rendered /usr/local/lib/ruby/gems/1.9.1/gems/actionpack-3.0.0/lib/action_dispatch/middleware/templates/rescues/_request_and_response.erb (18.5ms)
Rendered /usr/local/lib/ruby/gems/1.9.1/gems/actionpack-3.0.0/lib/action_dispatch/middleware/templates/rescues/template_error.erb within rescues/layout (27.3ms)


Started GET "/" for 127.0.0.1 at 2011-08-02 08:22:59 +0530
  Processing by PostsController#index as HTML
  [1m[36mSQL (1.2ms)[0m  [1mdescribe `posts_tags`[0m
  [1m[35mSQL (0.8ms)[0m  SHOW TABLES
  [1m[36mPost Load (0.2ms)[0m  [1mSELECT `posts`.* FROM `posts`[0m
Rendered posts/index.html.erb within layouts/application (74.0ms)
Completed   in 277ms

ActionView::Template::Error (undefined local variable or method `javascript_include_tiny_mce_if_used' for #<#<Class:0x9c289a0>:0x9c256b0>):
    5:   <%= stylesheet_link_tag :all %>
    6:  
    7: <%= javascript_include_tag :defaults %> 
    8: <%= javascript_include_tiny_mce_if_used %>
    9:  <%= tiny_mce if using_tiny_mce? %>
    10:   <%= csrf_meta_tag %>
    11: <link href="style.css" rel="stylesheet" type="text/css" media="screen" />
  app/views/layouts/application.html.erb:8:in `_app_views_layouts_application_html_erb___976750116_81848540__801430444'
  app/controllers/posts_controller.rb:7:in `index'

Rendered /usr/local/lib/ruby/gems/1.9.1/gems/actionpack-3.0.0/lib/action_dispatch/middleware/templates/rescues/_trace.erb (2.2ms)
Rendered /usr/local/lib/ruby/gems/1.9.1/gems/actionpack-3.0.0/lib/action_dispatch/middleware/templates/rescues/_request_and_response.erb (5.4ms)
Rendered /usr/local/lib/ruby/gems/1.9.1/gems/actionpack-3.0.0/lib/action_dispatch/middleware/templates/rescues/template_error.erb within rescues/layout (15.1ms)


Started GET "/" for 127.0.0.1 at 2011-08-02 08:23:33 +0530
  Processing by PostsController#index as HTML
  [1m[36mSQL (1.1ms)[0m  [1mdescribe `posts_tags`[0m
  [1m[35mSQL (0.8ms)[0m  SHOW TABLES
  [1m[36mPost Load (0.2ms)[0m  [1mSELECT `posts`.* FROM `posts`[0m
Rendered posts/index.html.erb within layouts/application (36.6ms)
Completed 200 OK in 317ms (Views: 43.5ms | ActiveRecord: 2.1ms)


Started GET "/style.css" for 127.0.0.1 at 2011-08-02 08:23:35 +0530

ActionController::RoutingError (No route matches "/style.css"):
  

Rendered /usr/local/lib/ruby/gems/1.9.1/gems/actionpack-3.0.0/lib/action_dispatch/middleware/templates/rescues/routing_error.erb within rescues/layout (3.1ms)


Started GET "/style.css" for 127.0.0.1 at 2011-08-02 08:23:35 +0530

ActionController::RoutingError (No route matches "/style.css"):
  

Rendered /usr/local/lib/ruby/gems/1.9.1/gems/actionpack-3.0.0/lib/action_dispatch/middleware/templates/rescues/routing_error.erb within rescues/layout (1.7ms)


Started GET "/posts/new" for 127.0.0.1 at 2011-08-02 08:23:50 +0530
  Processing by PostsController#new as HTML
  [1m[35mSQL (1.1ms)[0m  describe `posts_tags`
  [1m[36mTag Load (0.8ms)[0m  [1mSELECT `tags`.* FROM `tags`[0m
  [1m[35mSQL (1.1ms)[0m  describe `posts_tags`
Rendered posts/_form.html.erb (181.5ms)
Rendered posts/new.html.erb within layouts/application (189.9ms)
Completed 200 OK in 241ms (Views: 195.7ms | ActiveRecord: 2.9ms)


Started GET "/posts/style.css" for 127.0.0.1 at 2011-08-02 08:23:51 +0530
  Processing by PostsController#show as CSS
  Parameters: {"id"=>"style"}
  [1m[36mSQL (1.7ms)[0m  [1mdescribe `posts_tags`[0m
  [1m[35mPost Load (0.8ms)[0m  SELECT `posts`.* FROM `posts` WHERE (`posts`.`id` = 0) LIMIT 1
Completed   in 42ms

ActiveRecord::RecordNotFound (Couldn't find Post with ID=style):
  app/controllers/posts_controller.rb:16:in `show'

Rendered /usr/local/lib/ruby/gems/1.9.1/gems/actionpack-3.0.0/lib/action_dispatch/middleware/templates/rescues/_trace.erb (3.3ms)
Rendered /usr/local/lib/ruby/gems/1.9.1/gems/actionpack-3.0.0/lib/action_dispatch/middleware/templates/rescues/_request_and_response.erb (8.6ms)
Rendered /usr/local/lib/ruby/gems/1.9.1/gems/actionpack-3.0.0/lib/action_dispatch/middleware/templates/rescues/diagnostics.erb within rescues/layout (21.9ms)
